<?xml version="1.0" encoding="UTF-8" ?>
<testsuites name="vitest tests" tests="4" failures="1" errors="1" time="1.5">
    <testsuite name="test/sample.test.ts" timestamp="2026-06-04T14:50:49.641Z" hostname="ci" tests="4" failures="1" errors="1" skipped="1" time="1.5">
        <testcase classname="test/sample.test.ts" name="suite &gt; passes cleanly" time="0.25">
        </testcase>
        <testcase classname="test/sample.test.ts" name="suite &gt; fails an assertion" time="0.5">
            <failure message="expected 1 to be 2" type="AssertionError">AssertionError: expected 1 to be 2</failure>
        </testcase>
        <testcase classname="test/sample.test.ts" name="suite &gt; throws unexpectedly" time="0.75">
            <error message="boom" type="Error">Error: boom</error>
        </testcase>
        <testcase classname="test/sample.test.ts" name="suite &gt; is skipped">
            <skipped/>
        </testcase>
    </testsuite>
</testsuites>
